\BOOKMARK [0][-]{chapter.1}{\376\377\0001\000\040\176\352\213\272}{}% 1
\BOOKMARK [1][-]{section.1.1}{\376\377\0001\000.\0001\000\040\213\376\230\230\200\314\146\157}{chapter.1}% 2
\BOOKMARK [1][-]{section.1.2}{\376\377\0001\000.\0002\000\040\142\337\211\343\121\263\166\204\121\163\225\056\225\356\230\230}{chapter.1}% 3
\BOOKMARK [2][-]{subsection.1.2.1}{\376\377\0001\000.\0002\000.\0001\000\040\170\024\172\166\121\205\133\271}{section.1.2}% 4
\BOOKMARK [1][-]{section.1.3}{\376\377\0001\000.\0003\000\040\145\160\143\156\226\306}{chapter.1}% 5
\BOOKMARK [0][-]{chapter.2}{\376\377\0002\000\040\230\171\166\356\142\020\147\234\140\073\176\323}{}% 6
\BOOKMARK [0][-]{chapter.3}{\376\377\0003\000\040\220\145\141\037\166\356\150\007\131\032\145\271\124\021\140\047\150\300\155\113\170\024\172\166}{}% 7
\BOOKMARK [1][-]{section.3.1}{\376\377\0003\000.\0001\000\040\137\025\212\000}{chapter.3}% 8
\BOOKMARK [1][-]{section.3.2}{\376\377\0003\000.\0002\000\040\173\227\154\325\213\276\213\241}{chapter.3}% 9
\BOOKMARK [2][-]{subsection.3.2.1}{\376\377\0003\000.\0002\000.\0001\000\040\147\011\145\271\124\021\150\300\155\113\150\106}{section.3.2}% 10
\BOOKMARK [2][-]{subsection.3.2.2}{\376\377\0003\000.\0002\000.\0002\000\040\116\044\176\247\176\247\200\124\150\300\155\113\126\150\176\323\147\204}{section.3.2}% 11
\BOOKMARK [2][-]{subsection.3.2.3}{\376\377\0003\000.\0002\000.\0003\000\040\131\032\145\271\124\021\000R\000o\000I\133\371\237\120\000\040\152\041\127\127}{section.3.2}% 12
\BOOKMARK [2][-]{subsection.3.2.4}{\376\377\0003\000.\0002\000.\0004\000\040\145\271\124\021\154\350\141\017\122\233\152\041\127\127}{section.3.2}% 13
\BOOKMARK [2][-]{subsection.3.2.5}{\376\377\0003\000.\0002\000.\0005\000\040\172\172\155\036\123\167\171\357}{section.3.2}% 14
\BOOKMARK [2][-]{subsection.3.2.6}{\376\377\0003\000.\0002\000.\0006\000\040\131\032\122\006\145\057\162\171\137\201\133\371\237\120\152\041\127\127}{section.3.2}% 15
\BOOKMARK [2][-]{subsection.3.2.7}{\376\377\0003\000.\0002\000.\0007\000\040\127\372\116\216\166\356\150\007\225\177\133\275\153\324\166\204\211\322\136\246\120\117\171\373\143\137\131\061\121\375\145\160}{section.3.2}% 16
\BOOKMARK [1][-]{section.3.3}{\376\377\0003\000.\0003\000\040\147\054\172\340\134\017\176\323}{chapter.3}% 17
\BOOKMARK [0][-]{chapter.4}{\376\377\0004\000\040\220\145\141\037\166\356\150\007\131\032\134\072\136\246\131\032\134\102\153\041\150\300\155\113\177\121\176\334\170\024\172\166}{}% 18
\BOOKMARK [1][-]{section.4.1}{\376\377\0004\000.\0001\000\040\137\025\212\000}{chapter.4}% 19
\BOOKMARK [1][-]{section.4.2}{\376\377\0004\000.\0002\000\040\173\227\154\325\213\276\213\241}{chapter.4}% 20
\BOOKMARK [2][-]{subsection.4.2.1}{\376\377\0004\000.\0002\000.\0001\000\040\162\171\137\201\221\321\133\127\130\124}{section.4.2}% 21
\BOOKMARK [2][-]{subsection.4.2.2}{\376\377\0004\000.\0002\000.\0002\000\040\123\357\137\142\123\330\123\167\171\357}{section.4.2}% 22
\BOOKMARK [2][-]{subsection.4.2.3}{\376\377\0004\000.\0002\000.\0003\000\040\176\247\200\124\177\121\176\334}{section.4.2}% 23
\BOOKMARK [2][-]{subsection.4.2.4}{\376\377\0004\000.\0002\000.\0004\000\040\000G\000S\000D\230\204\155\113\177\121\176\334}{section.4.2}% 24
\BOOKMARK [2][-]{subsection.4.2.5}{\376\377\0004\000.\0002\000.\0005\000\040\126\376\120\317\215\205\122\006\217\250}{section.4.2}% 25
\BOOKMARK [2][-]{subsection.4.2.6}{\376\377\0004\000.\0002\000.\0006\000\040\166\356\150\007\150\300\155\113\177\121\176\334}{section.4.2}% 26
\BOOKMARK [1][-]{section.4.3}{\376\377\0004\000.\0003\000\040\147\054\172\340\134\017\176\323}{chapter.4}% 27
\BOOKMARK [0][-]{chapter.5}{\376\377\0005\000\040\220\145\141\037\166\356\150\007\122\006\122\162\225\356\230\230\170\024\172\166}{}% 28
\BOOKMARK [1][-]{section.5.1}{\376\377\0005\000.\0001\000\040\126\376\120\317\122\006\122\162\116\073\155\101\173\227\154\325}{chapter.5}% 29
\BOOKMARK [2][-]{subsection.5.1.1}{\376\377\0005\000.\0001\000.\0001\000\040\117\040\176\337\122\006\122\162\145\271\154\325}{section.5.1}% 30
\BOOKMARK [2][-]{subsection.5.1.2}{\376\377\0005\000.\0001\000.\0002\000\040\155\361\136\246\133\146\116\140\145\271\154\325}{section.5.1}% 31
\BOOKMARK [1][-]{section.5.2}{\376\377\0005\000.\0002\000\040\000R\000e\000s\000U\000N\000e\000t\000-\000a\173\227\154\325\131\015\163\260}{chapter.5}% 32
\BOOKMARK [0][-]{chapter.6}{\376\377\0006\000\040\140\073\176\323}{}% 33
\BOOKMARK [0][-]{chapter*.35}{\376\377\123\302\200\003\145\207\163\056}{}% 34
